TN:
SF:server.js
FN:17,(anonymous_0)
FN:25,(anonymous_1)
FNF:2
FNH:0
FNDA:0,(anonymous_0)
FNDA:0,(anonymous_1)
DA:1,1
DA:2,1
DA:3,1
DA:4,1
DA:7,1
DA:9,1
DA:10,1
DA:11,1
DA:14,1
DA:17,1
DA:18,0
DA:22,1
DA:24,0
DA:25,0
DA:26,0
DA:30,1
LF:16
LH:12
BRDA:22,0,0,0
BRDA:22,0,1,1
BRDA:24,1,0,0
BRDA:24,1,1,0
BRF:4
BRH:1
end_of_record
TN:
SF:config/database.js
FNF:0
FNH:0
DA:1,5
DA:2,5
DA:4,5
DA:10,5
LF:4
LH:4
BRF:0
BRH:0
end_of_record
TN:
SF:controllers/taskController.js
FN:4,(anonymous_0)
FN:15,(anonymous_1)
FN:26,(anonymous_2)
FNF:3
FNH:3
FNDA:6,(anonymous_0)
FNDA:2,(anonymous_1)
FNDA:2,(anonymous_2)
DA:1,3
DA:5,6
DA:7,6
DA:8,6
DA:9,5
DA:11,1
DA:16,2
DA:17,2
DA:18,2
DA:19,2
DA:20,2
DA:22,0
DA:27,2
DA:28,2
DA:29,2
DA:31,0
DA:36,3
LF:17
LH:15
BRF:0
BRH:0
end_of_record
TN:
SF:models/Task.js
FNF:0
FNH:0
DA:1,5
DA:2,5
DA:4,5
DA:32,5
LF:4
LH:4
BRF:0
BRH:0
end_of_record
TN:
SF:repositories/taskRepository.js
FN:4,(anonymous_0)
FN:9,(anonymous_1)
FN:17,(anonymous_2)
FNF:3
FNH:3
FNDA:4,(anonymous_0)
FNDA:3,(anonymous_1)
FNDA:1,(anonymous_2)
DA:1,5
DA:6,4
DA:10,3
DA:11,3
DA:12,2
DA:13,2
DA:14,2
DA:18,1
DA:26,5
LF:9
LH:9
BRDA:11,0,0,1
BRDA:11,0,1,2
BRF:2
BRH:2
end_of_record
TN:
SF:routes/taskRoutes.js
FNF:0
FNH:0
DA:1,2
DA:2,2
DA:4,2
DA:6,2
DA:7,2
DA:8,2
DA:10,2
LF:7
LH:7
BRF:0
BRH:0
end_of_record
TN:
SF:services/taskService.js
FN:4,(anonymous_0)
FN:12,(anonymous_1)
FN:20,(anonymous_2)
FNF:3
FNH:3
FNDA:5,(anonymous_0)
FNDA:3,(anonymous_1)
FNDA:1,(anonymous_2)
DA:1,4
DA:6,5
DA:7,1
DA:9,4
DA:13,3
DA:14,3
DA:15,1
DA:17,2
DA:21,1
DA:25,4
LF:10
LH:10
BRDA:6,0,0,1
BRDA:6,0,1,4
BRDA:6,1,0,5
BRDA:6,1,1,4
BRDA:14,2,0,1
BRDA:14,2,1,2
BRF:6
BRH:6
end_of_record
